#! /c/Source/iverilog-install/bin/vvp
:ivl_version "12.0 (devel)" "(s20150603-1539-g2693dd32b)";
:ivl_delay_selection "TYPICAL";
:vpi_time_precision + 0;
:vpi_module "C:\iverilog\lib\ivl\system.vpi";
:vpi_module "C:\iverilog\lib\ivl\vhdl_sys.vpi";
:vpi_module "C:\iverilog\lib\ivl\vhdl_textio.vpi";
:vpi_module "C:\iverilog\lib\ivl\v2005_math.vpi";
:vpi_module "C:\iverilog\lib\ivl\va_math.vpi";
S_0000023a61e7b920 .scope module, "Object_To_Paint_Selector" "Object_To_Paint_Selector" 2 1;
 .timescale 0 0;
    .port_info 0 /INPUT 1 "CLOCK_50";
    .port_info 1 /INPUT 1 "rstn";
    .port_info 2 /INPUT 3 "User1_VGA_color";
    .port_info 3 /INPUT 9 "User1_VGA_X";
    .port_info 4 /INPUT 8 "User1_VGA_Y";
    .port_info 5 /INPUT 1 "User1_plot_enable";
    .port_info 6 /INPUT 3 "User2_VGA_color";
    .port_info 7 /INPUT 9 "User2_VGA_X";
    .port_info 8 /INPUT 8 "User2_VGA_Y";
    .port_info 9 /INPUT 1 "User2_plot_enable";
    .port_info 10 /INPUT 3 "U1_B1_color";
    .port_info 11 /INPUT 9 "U1_B1_X";
    .port_info 12 /INPUT 8 "U1_B1_Y";
    .port_info 13 /INPUT 1 "U1_B1_plot_enable";
    .port_info 14 /INPUT 3 "U1_B2_color";
    .port_info 15 /INPUT 9 "U1_B2_X";
    .port_info 16 /INPUT 8 "U1_B2_Y";
    .port_info 17 /INPUT 1 "U1_B2_plot_enable";
    .port_info 18 /INPUT 3 "U1_B3_color";
    .port_info 19 /INPUT 9 "U1_B3_X";
    .port_info 20 /INPUT 8 "U1_B3_Y";
    .port_info 21 /INPUT 1 "U1_B3_plot_enable";
    .port_info 22 /INPUT 3 "U2_B1_color";
    .port_info 23 /INPUT 9 "U2_B1_X";
    .port_info 24 /INPUT 8 "U2_B1_Y";
    .port_info 25 /INPUT 1 "U2_B1_plot_enable";
    .port_info 26 /INPUT 3 "U2_B2_color";
    .port_info 27 /INPUT 9 "U2_B2_X";
    .port_info 28 /INPUT 8 "U2_B2_Y";
    .port_info 29 /INPUT 1 "U2_B2_plot_enable";
    .port_info 30 /INPUT 3 "U2_B3_color";
    .port_info 31 /INPUT 9 "U2_B3_X";
    .port_info 32 /INPUT 8 "U2_B3_Y";
    .port_info 33 /INPUT 1 "U2_B3_plot_enable";
    .port_info 34 /OUTPUT 9 "VGA_X";
    .port_info 35 /OUTPUT 8 "VGA_Y";
    .port_info 36 /OUTPUT 1 "plot_enable";
    .port_info 37 /OUTPUT 3 "VGA_COLOR";
P_0000023a61e52ca0 .param/l "bullets" 0 2 51, C4<100>;
P_0000023a61e52cd8 .param/l "default_" 0 2 124, C4<000001>;
P_0000023a61e52d10 .param/l "default_set" 0 2 43, C4<001>;
P_0000023a61e52d48 .param/l "load" 0 2 110, C4<1111111>;
P_0000023a61e52d80 .param/l "obj1" 0 2 51, C4<001>;
P_0000023a61e52db8 .param/l "obj2" 0 2 51, C4<010>;
P_0000023a61e52df0 .param/l "user1_bullet1" 0 2 134, C4<000001>;
P_0000023a61e52e28 .param/l "user1_bullet2" 0 2 134, C4<000010>;
P_0000023a61e52e60 .param/l "user1_bullet3" 0 2 134, C4<000100>;
P_0000023a61e52e98 .param/l "user2_bullet1" 0 2 135, C4<001000>;
P_0000023a61e52ed0 .param/l "user2_bullet2" 0 2 135, C4<010000>;
P_0000023a61e52f08 .param/l "user2_bullet3" 0 2 135, C4<100000>;
o0000023a61e9cf98 .functor BUFZ 1, C4<z>; HiZ drive
v0000023a61e81540_0 .net "CLOCK_50", 0 0, o0000023a61e9cf98;  0 drivers
o0000023a61e9cfc8 .functor BUFZ 9, C4<zzzzzzzzz>; HiZ drive
v0000023a61e81c20_0 .net "U1_B1_X", 8 0, o0000023a61e9cfc8;  0 drivers
o0000023a61e9cff8 .functor BUFZ 8, C4<zzzzzzzz>; HiZ drive
v0000023a61e81a40_0 .net "U1_B1_Y", 7 0, o0000023a61e9cff8;  0 drivers
o0000023a61e9d028 .functor BUFZ 3, C4<zzz>; HiZ drive
v0000023a61e817c0_0 .net "U1_B1_color", 2 0, o0000023a61e9d028;  0 drivers
o0000023a61e9d058 .functor BUFZ 1, C4<z>; HiZ drive
v0000023a61e815e0_0 .net "U1_B1_plot_enable", 0 0, o0000023a61e9d058;  0 drivers
o0000023a61e9d088 .functor BUFZ 9, C4<zzzzzzzzz>; HiZ drive
v0000023a61e81ea0_0 .net "U1_B2_X", 8 0, o0000023a61e9d088;  0 drivers
o0000023a61e9d0b8 .functor BUFZ 8, C4<zzzzzzzz>; HiZ drive
v0000023a61e81860_0 .net "U1_B2_Y", 7 0, o0000023a61e9d0b8;  0 drivers
o0000023a61e9d0e8 .functor BUFZ 3, C4<zzz>; HiZ drive
v0000023a61e814a0_0 .net "U1_B2_color", 2 0, o0000023a61e9d0e8;  0 drivers
o0000023a61e9d118 .functor BUFZ 1, C4<z>; HiZ drive
v0000023a61e81fe0_0 .net "U1_B2_plot_enable", 0 0, o0000023a61e9d118;  0 drivers
o0000023a61e9d148 .functor BUFZ 9, C4<zzzzzzzzz>; HiZ drive
v0000023a61e81680_0 .net "U1_B3_X", 8 0, o0000023a61e9d148;  0 drivers
o0000023a61e9d178 .functor BUFZ 8, C4<zzzzzzzz>; HiZ drive
v0000023a61e81d60_0 .net "U1_B3_Y", 7 0, o0000023a61e9d178;  0 drivers
o0000023a61e9d1a8 .functor BUFZ 3, C4<zzz>; HiZ drive
v0000023a61e81cc0_0 .net "U1_B3_color", 2 0, o0000023a61e9d1a8;  0 drivers
o0000023a61e9d1d8 .functor BUFZ 1, C4<z>; HiZ drive
v0000023a61e81720_0 .net "U1_B3_plot_enable", 0 0, o0000023a61e9d1d8;  0 drivers
o0000023a61e9d208 .functor BUFZ 9, C4<zzzzzzzzz>; HiZ drive
v0000023a61e81900_0 .net "U2_B1_X", 8 0, o0000023a61e9d208;  0 drivers
o0000023a61e9d238 .functor BUFZ 8, C4<zzzzzzzz>; HiZ drive
v0000023a61e819a0_0 .net "U2_B1_Y", 7 0, o0000023a61e9d238;  0 drivers
o0000023a61e9d268 .functor BUFZ 3, C4<zzz>; HiZ drive
v0000023a61e812c0_0 .net "U2_B1_color", 2 0, o0000023a61e9d268;  0 drivers
o0000023a61e9d298 .functor BUFZ 1, C4<z>; HiZ drive
v0000023a61e81e00_0 .net "U2_B1_plot_enable", 0 0, o0000023a61e9d298;  0 drivers
o0000023a61e9d2c8 .functor BUFZ 9, C4<zzzzzzzzz>; HiZ drive
v0000023a61e81360_0 .net "U2_B2_X", 8 0, o0000023a61e9d2c8;  0 drivers
o0000023a61e9d2f8 .functor BUFZ 8, C4<zzzzzzzz>; HiZ drive
v0000023a61e81f40_0 .net "U2_B2_Y", 7 0, o0000023a61e9d2f8;  0 drivers
o0000023a61e9d328 .functor BUFZ 3, C4<zzz>; HiZ drive
v0000023a61e81ae0_0 .net "U2_B2_color", 2 0, o0000023a61e9d328;  0 drivers
o0000023a61e9d358 .functor BUFZ 1, C4<z>; HiZ drive
v0000023a61e82080_0 .net "U2_B2_plot_enable", 0 0, o0000023a61e9d358;  0 drivers
o0000023a61e9d388 .functor BUFZ 9, C4<zzzzzzzzz>; HiZ drive
v0000023a61e81b80_0 .net "U2_B3_X", 8 0, o0000023a61e9d388;  0 drivers
o0000023a61e9d3b8 .functor BUFZ 8, C4<zzzzzzzz>; HiZ drive
v0000023a61e82120_0 .net "U2_B3_Y", 7 0, o0000023a61e9d3b8;  0 drivers
o0000023a61e9d3e8 .functor BUFZ 3, C4<zzz>; HiZ drive
v0000023a61ef3ae0_0 .net "U2_B3_color", 2 0, o0000023a61e9d3e8;  0 drivers
o0000023a61e9d418 .functor BUFZ 1, C4<z>; HiZ drive
v0000023a61ef4120_0 .net "U2_B3_plot_enable", 0 0, o0000023a61e9d418;  0 drivers
o0000023a61e9d448 .functor BUFZ 9, C4<zzzzzzzzz>; HiZ drive
v0000023a61ef3fe0_0 .net "User1_VGA_X", 8 0, o0000023a61e9d448;  0 drivers
o0000023a61e9d478 .functor BUFZ 8, C4<zzzzzzzz>; HiZ drive
v0000023a61ef2f00_0 .net "User1_VGA_Y", 7 0, o0000023a61e9d478;  0 drivers
o0000023a61e9d4a8 .functor BUFZ 3, C4<zzz>; HiZ drive
v0000023a61ef2dc0_0 .net "User1_VGA_color", 2 0, o0000023a61e9d4a8;  0 drivers
o0000023a61e9d4d8 .functor BUFZ 1, C4<z>; HiZ drive
v0000023a61ef28c0_0 .net "User1_plot_enable", 0 0, o0000023a61e9d4d8;  0 drivers
o0000023a61e9d508 .functor BUFZ 9, C4<zzzzzzzzz>; HiZ drive
v0000023a61ef3b80_0 .net "User2_VGA_X", 8 0, o0000023a61e9d508;  0 drivers
o0000023a61e9d538 .functor BUFZ 8, C4<zzzzzzzz>; HiZ drive
v0000023a61ef41c0_0 .net "User2_VGA_Y", 7 0, o0000023a61e9d538;  0 drivers
o0000023a61e9d568 .functor BUFZ 3, C4<zzz>; HiZ drive
v0000023a61ef3cc0_0 .net "User2_VGA_color", 2 0, o0000023a61e9d568;  0 drivers
o0000023a61e9d598 .functor BUFZ 1, C4<z>; HiZ drive
v0000023a61ef3c20_0 .net "User2_plot_enable", 0 0, o0000023a61e9d598;  0 drivers
v0000023a61ef30e0_0 .var "VGA_COLOR", 2 0;
v0000023a61ef3180_0 .var "VGA_X", 8 0;
v0000023a61ef37c0_0 .var "VGA_Y", 7 0;
L_0000023a62280088 .functor BUFT 1, C4<0000000000>, C4<0>, C4<0>, C4<0>;
v0000023a61ef3540_0 .net/2u *"_ivl_0", 9 0, L_0000023a62280088;  1 drivers
L_0000023a62280160 .functor BUFT 1, C4<0000000>, C4<0>, C4<0>, C4<0>;
v0000023a61ef43a0_0 .net/2u *"_ivl_12", 6 0, L_0000023a62280160;  1 drivers
v0000023a61ef2fa0_0 .net *"_ivl_14", 0 0, L_0000023a61ef3360;  1 drivers
L_0000023a622801a8 .functor BUFT 1, C4<01>, C4<0>, C4<0>, C4<0>;
v0000023a61ef3220_0 .net/2s *"_ivl_16", 1 0, L_0000023a622801a8;  1 drivers
L_0000023a622801f0 .functor BUFT 1, C4<00>, C4<0>, C4<0>, C4<0>;
v0000023a61ef2d20_0 .net/2s *"_ivl_18", 1 0, L_0000023a622801f0;  1 drivers
v0000023a61ef3040_0 .net *"_ivl_2", 0 0, L_0000023a61ef3720;  1 drivers
v0000023a61ef3900_0 .net *"_ivl_20", 1 0, L_0000023a61ef44e0;  1 drivers
L_0000023a622800d0 .functor BUFT 1, C4<01>, C4<0>, C4<0>, C4<0>;
v0000023a61ef3a40_0 .net/2s *"_ivl_4", 1 0, L_0000023a622800d0;  1 drivers
L_0000023a62280118 .functor BUFT 1, C4<00>, C4<0>, C4<0>, C4<0>;
v0000023a61ef4260_0 .net/2s *"_ivl_6", 1 0, L_0000023a62280118;  1 drivers
v0000023a61ef3680_0 .net *"_ivl_8", 1 0, L_0000023a61ef2e60;  1 drivers
v0000023a61ef2b40_0 .var "bullet_display_en", 0 0;
v0000023a61ef34a0_0 .var "bullet_display_indicator", 5 0;
v0000023a61ef4300_0 .var "bullet_fast", 6 0;
v0000023a61ef3f40_0 .net "bullet_slow", 0 0, L_0000023a61ef4760;  1 drivers
v0000023a61ef3e00_0 .var "display_indicator", 2 0;
v0000023a61ef4440_0 .var "fast", 9 0;
v0000023a61ef32c0_0 .var "plot_enable", 0 0;
o0000023a61e9d988 .functor BUFZ 1, C4<z>; HiZ drive
v0000023a61ef39a0_0 .net "rstn", 0 0, o0000023a61e9d988;  0 drivers
v0000023a61ef2c80_0 .net "slow_clock_trigger", 0 0, L_0000023a61ef3d60;  1 drivers
E_0000023a61e7efa0/0 .event negedge, v0000023a61ef39a0_0;
E_0000023a61e7efa0/1 .event posedge, v0000023a61e81540_0;
E_0000023a61e7efa0 .event/or E_0000023a61e7efa0/0, E_0000023a61e7efa0/1;
E_0000023a61e7f520 .event posedge, v0000023a61e81540_0;
L_0000023a61ef3720 .cmp/eq 10, v0000023a61ef4440_0, L_0000023a62280088;
L_0000023a61ef2e60 .functor MUXZ 2, L_0000023a62280118, L_0000023a622800d0, L_0000023a61ef3720, C4<>;
L_0000023a61ef3d60 .part L_0000023a61ef2e60, 0, 1;
L_0000023a61ef3360 .cmp/eq 7, v0000023a61ef4300_0, L_0000023a62280160;
L_0000023a61ef44e0 .functor MUXZ 2, L_0000023a622801f0, L_0000023a622801a8, L_0000023a61ef3360, C4<>;
L_0000023a61ef4760 .part L_0000023a61ef44e0, 0, 1;
    .scope S_0000023a61e7b920;
T_0 ;
    %wait E_0000023a61e7efa0;
    %load/vec4 v0000023a61ef39a0_0;
    %cmpi/e 0, 0, 1;
    %jmp/0xz  T_0.0, 4;
    %pushi/vec4 1023, 0, 10;
    %assign/vec4 v0000023a61ef4440_0, 0;
    %jmp T_0.1;
T_0.0 ;
    %load/vec4 v0000023a61ef2c80_0;
    %cmpi/e 1, 0, 1;
    %jmp/0xz  T_0.2, 4;
    %pushi/vec4 1023, 0, 10;
    %assign/vec4 v0000023a61ef4440_0, 0;
    %jmp T_0.3;
T_0.2 ;
    %load/vec4 v0000023a61ef4440_0;
    %subi 1, 0, 10;
    %assign/vec4 v0000023a61ef4440_0, 0;
T_0.3 ;
T_0.1 ;
    %jmp T_0;
    .thread T_0;
    .scope S_0000023a61e7b920;
T_1 ;
    %wait E_0000023a61e7efa0;
    %load/vec4 v0000023a61ef39a0_0;
    %nor/r;
    %flag_set/vec4 8;
    %jmp/0xz  T_1.0, 8;
    %pushi/vec4 1, 0, 3;
    %assign/vec4 v0000023a61ef3e00_0, 0;
    %jmp T_1.1;
T_1.0 ;
    %load/vec4 v0000023a61ef2c80_0;
    %flag_set/vec4 8;
    %jmp/0xz  T_1.2, 8;
    %load/vec4 v0000023a61ef3e00_0;
    %parti/s 1, 0, 2;
    %load/vec4 v0000023a61ef3e00_0;
    %parti/s 2, 1, 2;
    %concat/vec4; draw_concat_vec4
    %assign/vec4 v0000023a61ef3e00_0, 0;
T_1.2 ;
T_1.1 ;
    %jmp T_1;
    .thread T_1;
    .scope S_0000023a61e7b920;
T_2 ;
    %wait E_0000023a61e7f520;
    %load/vec4 v0000023a61ef3e00_0;
    %cmpi/e 1, 0, 3;
    %jmp/0xz  T_2.0, 4;
    %load/vec4 v0000023a61ef3fe0_0;
    %assign/vec4 v0000023a61ef3180_0, 0;
    %load/vec4 v0000023a61ef2f00_0;
    %assign/vec4 v0000023a61ef37c0_0, 0;
    %load/vec4 v0000023a61ef28c0_0;
    %assign/vec4 v0000023a61ef32c0_0, 0;
    %load/vec4 v0000023a61ef2dc0_0;
    %assign/vec4 v0000023a61ef30e0_0, 0;
    %pushi/vec4 0, 0, 1;
    %assign/vec4 v0000023a61ef2b40_0, 0;
    %jmp T_2.1;
T_2.0 ;
    %load/vec4 v0000023a61ef3e00_0;
    %cmpi/e 2, 0, 3;
    %jmp/0xz  T_2.2, 4;
    %load/vec4 v0000023a61ef3b80_0;
    %assign/vec4 v0000023a61ef3180_0, 0;
    %load/vec4 v0000023a61ef41c0_0;
    %assign/vec4 v0000023a61ef37c0_0, 0;
    %load/vec4 v0000023a61ef3c20_0;
    %assign/vec4 v0000023a61ef32c0_0, 0;
    %load/vec4 v0000023a61ef3cc0_0;
    %assign/vec4 v0000023a61ef30e0_0, 0;
    %pushi/vec4 0, 0, 1;
    %assign/vec4 v0000023a61ef2b40_0, 0;
    %jmp T_2.3;
T_2.2 ;
    %load/vec4 v0000023a61ef3e00_0;
    %cmpi/e 4, 0, 3;
    %jmp/0xz  T_2.4, 4;
    %pushi/vec4 1, 0, 1;
    %assign/vec4 v0000023a61ef2b40_0, 0;
    %load/vec4 v0000023a61ef34a0_0;
    %cmpi/e 1, 0, 6;
    %jmp/0xz  T_2.6, 4;
    %load/vec4 v0000023a61e81c20_0;
    %assign/vec4 v0000023a61ef3180_0, 0;
    %load/vec4 v0000023a61e81a40_0;
    %assign/vec4 v0000023a61ef37c0_0, 0;
    %load/vec4 v0000023a61e815e0_0;
    %assign/vec4 v0000023a61ef32c0_0, 0;
    %load/vec4 v0000023a61e817c0_0;
    %assign/vec4 v0000023a61ef30e0_0, 0;
    %jmp T_2.7;
T_2.6 ;
    %load/vec4 v0000023a61ef34a0_0;
    %cmpi/e 2, 0, 6;
    %jmp/0xz  T_2.8, 4;
    %load/vec4 v0000023a61e81ea0_0;
    %assign/vec4 v0000023a61ef3180_0, 0;
    %load/vec4 v0000023a61e81860_0;
    %assign/vec4 v0000023a61ef37c0_0, 0;
    %load/vec4 v0000023a61e81fe0_0;
    %assign/vec4 v0000023a61ef32c0_0, 0;
    %load/vec4 v0000023a61e814a0_0;
    %assign/vec4 v0000023a61ef30e0_0, 0;
    %jmp T_2.9;
T_2.8 ;
    %load/vec4 v0000023a61ef34a0_0;
    %cmpi/e 4, 0, 6;
    %jmp/0xz  T_2.10, 4;
    %load/vec4 v0000023a61e81680_0;
    %assign/vec4 v0000023a61ef3180_0, 0;
    %load/vec4 v0000023a61e81d60_0;
    %assign/vec4 v0000023a61ef37c0_0, 0;
    %load/vec4 v0000023a61e81720_0;
    %assign/vec4 v0000023a61ef32c0_0, 0;
    %load/vec4 v0000023a61e81cc0_0;
    %assign/vec4 v0000023a61ef30e0_0, 0;
    %jmp T_2.11;
T_2.10 ;
    %load/vec4 v0000023a61ef34a0_0;
    %cmpi/e 8, 0, 6;
    %jmp/0xz  T_2.12, 4;
    %load/vec4 v0000023a61e81900_0;
    %assign/vec4 v0000023a61ef3180_0, 0;
    %load/vec4 v0000023a61e819a0_0;
    %assign/vec4 v0000023a61ef37c0_0, 0;
    %load/vec4 v0000023a61e81e00_0;
    %assign/vec4 v0000023a61ef32c0_0, 0;
    %load/vec4 v0000023a61e812c0_0;
    %assign/vec4 v0000023a61ef30e0_0, 0;
    %jmp T_2.13;
T_2.12 ;
    %load/vec4 v0000023a61ef34a0_0;
    %cmpi/e 16, 0, 6;
    %jmp/0xz  T_2.14, 4;
    %load/vec4 v0000023a61e81360_0;
    %assign/vec4 v0000023a61ef3180_0, 0;
    %load/vec4 v0000023a61e81f40_0;
    %assign/vec4 v0000023a61ef37c0_0, 0;
    %load/vec4 v0000023a61e82080_0;
    %assign/vec4 v0000023a61ef32c0_0, 0;
    %load/vec4 v0000023a61e81ae0_0;
    %assign/vec4 v0000023a61ef30e0_0, 0;
    %jmp T_2.15;
T_2.14 ;
    %load/vec4 v0000023a61ef34a0_0;
    %cmpi/e 32, 0, 6;
    %jmp/0xz  T_2.16, 4;
    %load/vec4 v0000023a61e81b80_0;
    %assign/vec4 v0000023a61ef3180_0, 0;
    %load/vec4 v0000023a61e82120_0;
    %assign/vec4 v0000023a61ef37c0_0, 0;
    %load/vec4 v0000023a61ef4120_0;
    %assign/vec4 v0000023a61ef32c0_0, 0;
    %load/vec4 v0000023a61ef3ae0_0;
    %assign/vec4 v0000023a61ef30e0_0, 0;
T_2.16 ;
T_2.15 ;
T_2.13 ;
T_2.11 ;
T_2.9 ;
T_2.7 ;
T_2.4 ;
T_2.3 ;
T_2.1 ;
    %jmp T_2;
    .thread T_2;
    .scope S_0000023a61e7b920;
T_3 ;
    %wait E_0000023a61e7efa0;
    %load/vec4 v0000023a61ef39a0_0;
    %nor/r;
    %flag_set/vec4 8;
    %jmp/0xz  T_3.0, 8;
    %pushi/vec4 127, 0, 7;
    %assign/vec4 v0000023a61ef4300_0, 0;
    %jmp T_3.1;
T_3.0 ;
    %load/vec4 v0000023a61ef3f40_0;
    %flag_set/vec4 8;
    %jmp/1 T_3.4, 8;
    %load/vec4 v0000023a61ef2b40_0;
    %nor/r;
    %flag_set/vec4 9;
    %flag_or 8, 9;
T_3.4;
    %jmp/0xz  T_3.2, 8;
    %pushi/vec4 127, 0, 7;
    %assign/vec4 v0000023a61ef4300_0, 0;
    %jmp T_3.3;
T_3.2 ;
    %load/vec4 v0000023a61ef2b40_0;
    %flag_set/vec4 8;
    %jmp/0xz  T_3.5, 8;
    %load/vec4 v0000023a61ef4300_0;
    %subi 1, 0, 7;
    %assign/vec4 v0000023a61ef4300_0, 0;
T_3.5 ;
T_3.3 ;
T_3.1 ;
    %jmp T_3;
    .thread T_3;
    .scope S_0000023a61e7b920;
T_4 ;
    %wait E_0000023a61e7efa0;
    %load/vec4 v0000023a61ef39a0_0;
    %nor/r;
    %flag_set/vec4 8;
    %jmp/0xz  T_4.0, 8;
    %pushi/vec4 1, 0, 6;
    %assign/vec4 v0000023a61ef34a0_0, 0;
    %jmp T_4.1;
T_4.0 ;
    %load/vec4 v0000023a61ef2b40_0;
    %nor/r;
    %flag_set/vec4 8;
    %jmp/0xz  T_4.2, 8;
    %pushi/vec4 1, 0, 6;
    %assign/vec4 v0000023a61ef34a0_0, 0;
    %jmp T_4.3;
T_4.2 ;
    %load/vec4 v0000023a61ef2b40_0;
    %flag_set/vec4 9;
    %flag_get/vec4 9;
    %jmp/0 T_4.6, 9;
    %load/vec4 v0000023a61ef3f40_0;
    %and;
T_4.6;
    %flag_set/vec4 8;
    %jmp/0xz  T_4.4, 8;
    %load/vec4 v0000023a61ef34a0_0;
    %parti/s 5, 0, 2;
    %concati/vec4 0, 0, 1;
    %assign/vec4 v0000023a61ef34a0_0, 0;
T_4.4 ;
T_4.3 ;
T_4.1 ;
    %jmp T_4;
    .thread T_4;
# The file index is used to find the file name in the following table.
:file_names 3;
    "N/A";
    "<interactive>";
    "OTPselector.v";
